<?xml version="1.0" encoding="UTF-8"?>
<!-- Generated by org.testng.reporters.JUnitXMLReporter -->
<testsuite ignored="0" hostname="LAPTOP-LSUFQOCB" failures="0" tests="3" name="Test" time="7.567" errors="0" timestamp="2024-01-14T17:55:25 IST">
  <testcase classname="com.test.maenprj.Login" name="LoginTest" time="7.504"/>
  <testcase classname="com.test.maenprj.AppTest" name="logincheck" time="0.009"/>
  <testcase classname="com.test.maenprj.AppTest" name="logincheck1" time="0.001"/>
</testsuite> <!-- Test -->
