<?xml version="1.0" encoding="UTF-8"?>
<testng-results ignored="0" total="3" passed="3" failed="0" skipped="0">
  <reporter-output>
  </reporter-output>
  <suite started-at="2024-01-14T17:55:17 IST" name="Suite" finished-at="2024-01-14T17:55:25 IST" duration-ms="7567">
    <groups>
    </groups>
    <test started-at="2024-01-14T17:55:17 IST" name="Test" finished-at="2024-01-14T17:55:25 IST" duration-ms="7567">
      <class name="com.test.maenprj.AppTest">
        <test-method signature="logincheck()[pri:0, instance:com.test.maenprj.AppTest@6cf0e0ba]" started-at="2024-01-14T17:55:25 IST" name="logincheck" finished-at="2024-01-14T17:55:25 IST" duration-ms="9" status="PASS">
          <reporter-output>
          </reporter-output>
        </test-method> <!-- logincheck -->
        <test-method signature="logincheck1()[pri:0, instance:com.test.maenprj.AppTest@6cf0e0ba]" started-at="2024-01-14T17:55:25 IST" name="logincheck1" finished-at="2024-01-14T17:55:25 IST" duration-ms="1" status="PASS">
          <reporter-output>
          </reporter-output>
        </test-method> <!-- logincheck1 -->
      </class> <!-- com.test.maenprj.AppTest -->
      <class name="com.test.maenprj.Login">
        <test-method signature="LoginTest()[pri:0, instance:com.test.maenprj.Login@77fbd92c]" started-at="2024-01-14T17:55:17 IST" name="LoginTest" finished-at="2024-01-14T17:55:25 IST" duration-ms="7504" status="PASS">
          <reporter-output>
          </reporter-output>
        </test-method> <!-- LoginTest -->
      </class> <!-- com.test.maenprj.Login -->
    </test> <!-- Test -->
  </suite> <!-- Suite -->
</testng-results>
